<?xml version="1.0" encoding="UTF-8"?>
<testsuite name="com.duncpro.bukkit.geometry.VoxelCuboidTest" tests="1" skipped="0" failures="0" errors="0" timestamp="2022-01-05T21:34:18" hostname="Duncans-MacBook-Air.local" time="0.043">
  <properties/>
  <testcase name="generateBlockOffsets()" classname="com.duncpro.bukkit.geometry.VoxelCuboidTest" time="0.043"/>
  <system-out><![CDATA[]]></system-out>
  <system-err><![CDATA[]]></system-err>
</testsuite>
